Reading netlist file: "C:\Users\tosh\Desktop\gomulusistemlerproje193405031\OtomatikKapi\impl\gwsynthesis\OtomatikKapi.vg"
Parsing netlist file "C:\Users\tosh\Desktop\gomulusistemlerproje193405031\OtomatikKapi\impl\gwsynthesis\OtomatikKapi.vg" completed
Processing netlist completed
Reading constraint file: "C:\Users\tosh\Desktop\gomulusistemlerproje193405031\OtomatikKapi\src\OtomatikKapi.cst"
Physical Constraint parsed completed
Running placement......
[10%] Placement Phase 0 completed
[20%] Placement Phase 1 completed
[30%] Placement Phase 2 completed
[50%] Placement Phase 3 completed
Running routing......
[60%] Routing Phase 0 completed
[70%] Routing Phase 1 completed
[80%] Routing Phase 2 completed
[90%] Routing Phase 3 completed
Running timing analysis......
[95%] Timing analysis completed
Placement and routing completed
Bitstream generation in progress......
Bitstream generation completed
Running power analysis......
[100%] Power analysis completed
Generate file "C:\Users\tosh\Desktop\gomulusistemlerproje193405031\OtomatikKapi\impl\pnr\OtomatikKapi.power.html" completed
Generate file "C:\Users\tosh\Desktop\gomulusistemlerproje193405031\OtomatikKapi\impl\pnr\OtomatikKapi.pin.html" completed
Generate file "C:\Users\tosh\Desktop\gomulusistemlerproje193405031\OtomatikKapi\impl\pnr\OtomatikKapi.rpt.html" completed
Generate file "C:\Users\tosh\Desktop\gomulusistemlerproje193405031\OtomatikKapi\impl\pnr\OtomatikKapi.rpt.txt" completed
Generate file "C:\Users\tosh\Desktop\gomulusistemlerproje193405031\OtomatikKapi\impl\pnr\OtomatikKapi.tr.html" completed
Mon May 29 15:02:11 2023

